<?xml version="1.0" encoding="UTF-8"?>
<testng-results ignored="0" total="1" passed="1" failed="0" skipped="0">
  <reporter-output>
  </reporter-output>
  <suite started-at="2021-07-06T23:57:02 IST" name="Default suite" finished-at="2021-07-06T23:58:04 IST" duration-ms="62135">
    <groups>
    </groups>
    <test started-at="2021-07-06T23:57:02 IST" name="Default test" finished-at="2021-07-06T23:58:04 IST" duration-ms="62135">
      <class name="com.selenium.amaz.Amazontest">
        <test-method is-config="true" signature="setup()[pri:0, instance:com.selenium.amaz.Amazontest@2f8dad04]" started-at="2021-07-06T23:57:02 IST" name="setup" finished-at="2021-07-06T23:57:04 IST" duration-ms="2051" status="PASS">
          <reporter-output>
          </reporter-output>
        </test-method> <!-- setup -->
        <test-method signature="amazonsign()[pri:0, instance:com.selenium.amaz.Amazontest@2f8dad04]" started-at="2021-07-06T23:57:04 IST" name="amazonsign" finished-at="2021-07-06T23:58:04 IST" duration-ms="59255" status="PASS">
          <reporter-output>
          </reporter-output>
        </test-method> <!-- amazonsign -->
        <test-method is-config="true" signature="closeBrowser()[pri:0, instance:com.selenium.amaz.Amazontest@2f8dad04]" started-at="2021-07-06T23:58:04 IST" name="closeBrowser" finished-at="2021-07-06T23:58:04 IST" duration-ms="795" status="PASS">
          <reporter-output>
          </reporter-output>
        </test-method> <!-- closeBrowser -->
      </class> <!-- com.selenium.amaz.Amazontest -->
    </test> <!-- Default test -->
  </suite> <!-- Default suite -->
</testng-results>
